set ucliGUI::state
set ucliGUI::state
ucliCore::getToolPID
synopsys::env hasTB
trigger_hier_stack_context_switch 0
synopsys::xml set_array_limit <data limit="50" />
synopsys::xml set_depth_limit <data limit="100" />
synopsys::xml set_string_limit <data limit="1000" />
synopsys::xml set_only_active_frame <data value="1" />
synopsys::xml set_variable_frame_id <data value="1" />
synUtils::setDVEInitPhase 1
synopsys::dump -type VPD -file /afs/umich.edu/user/z/w/zwtao/Documents/eecs570_final_project/inter.vpd -locking
synopsys::dump -autoflush on -fid VPD0
set ::dve_fid VPD0
synUtils::setDVEInitPhase 0
ucliCore::getToolPID
synUtils::sendTool -active _icl_setToolSocket /tmp/smlnp1bCGd2
synUtils::sendTool -active {_icl_start_rpc -version "N-2017.12-SP2-1_Full64" -sync_file /tmp/vcs_dve_rpc.zwtao.31771}
synUtils::sendTool -active {_icl_createSharedMemory /tmp/vcs_dve_general.zwtao.31771}
ucliGUI::getSignalValues -scope common_test -radix {binary binary binary hexadecimal hexadecimal hexadecimal } -list {clk reset done W H_in {H_out[255:0]} }
config endofsim noexit
config onfail enable all
config syscaddplainmembers
config syscaddsourcenames
config syscaddstructtypes
synopsys::listing -disable
synopsys::run
set ucliGUI::state
set ucliGUI::state
set ucliGUI::state
set ucliGUI::state
ucliGUI::vpdAddHierarchy -scope common_test.myCnter -depth 1 -file /afs/umich.edu/user/z/w/zwtao/Documents/eecs570_final_project/inter.vpd; synopsys::dump -flush VPD0
ucliGUI::getSignalValues -scope common_test.myCnter -radix {hexadecimal hexadecimal hexadecimal hexadecimal hexadecimal hexadecimal hexadecimal hexadecimal hexadecimal hexadecimal binary binary hexadecimal hexadecimal } -list {{temp1[31:0]} result K W {temp2[31:0]} {new_a[31:0]} {new_e[31:0]} new_result {h[3:0]} {e[3:0]} clk reset {counter[7:0]} H_in }
ucliGUI::getSignalValues -scope common_test.myCnter -radix {hexadecimal hexadecimal } -list {{g[3:0]} {counter_mod[3:0]} }
ucliGUI::getSignalValues -scope common_test.myCnter -radix {binary hexadecimal } -list {done {H_out[255:0]} }
ucliGUI::getSignalValues -scope common_test.myCnter -radix {hexadecimal } -list {{f[3:0]} }
ucliGUI::getSignalValues -scope common_test.myCnter -radix {hexadecimal hexadecimal hexadecimal hexadecimal } -list {{a[3:0]} {b[3:0]} {c[3:0]} {d[3:0]} }
if [catch {gui_sim_terminate}] {gui_sim_terminate -kill}
synopsys::finish
set ucliGUI::state
set ucliGUI::state
ucli_exit
