# Preference setting overrides
gui_create_pref_key -category {Globals} -key {load_detail_for_funcov} -value_type {bool} -value {false}
gui_set_pref_value -category {Source} -key {value_annotate} -value {true}
gui_create_pref_category -category {schem_obj_name}
gui_create_pref_key -category {schem_obj_name} -key {show_cell_and_pin_with_symbol_name} -value_type {bool} -value {false}
gui_create_pref_key -category {schem_pin_hc} -key {textExtFont} -value_type {string} -value {Helvetica,10,-1,5,50,0,0,0,0,0}

# State setting overrides
gui_state_default_create -off -ini
gui_set_state_value -category Globals -key recent_sessions -value {{gui_load_session -ignore_errors -file /afs/umich.edu/user/z/w/zwtao/Documents/470/project2/DVEfiles/dve_checkpoint_25778_1.tcl} {gui_load_session -ignore_errors -file /afs/umich.edu/user/z/w/zwtao/Documents/group5w20/mshr.tcl} {gui_load_session -ignore_errors -file /afs/umich.edu/user/z/w/zwtao/Documents/group5w20/ricky_debug_cache.inter.vpd.tcl -ignore_errors} {gui_load_session -ignore_errors -file /afs/umich.edu/user/z/w/zwtao/Documents/group5w20/cache.tcl -ignore_errors} {gui_load_session -ignore_errors -file /afs/umich.edu/user/z/w/zwtao/Documents/group5w20/cache.tcl}}
gui_set_state_value -category Globals -key recent_tcl_scripts -value {{gui_dve_source -global /afs/umich.edu/user/z/w/zwtao/Documents/eecs570_final_project/synth/Cnter/cnter_synth.tcl}}
gui_set_state_value -category Layout -key child_assertion_size_x -value 1535
gui_set_state_value -category Layout -key child_assertion_size_y -value 148
gui_set_state_value -category Layout -key child_console_size_x -value 1535
gui_set_state_value -category Layout -key child_console_size_y -value 194
gui_set_state_value -category Layout -key child_data_coltype -value 109
gui_set_state_value -category Layout -key child_data_colvalue -value 12
gui_set_state_value -category Layout -key child_data_colvariable -value 177
gui_set_state_value -category Layout -key child_data_size_x -value 293
gui_set_state_value -category Layout -key child_data_size_y -value 404
gui_set_state_value -category Layout -key child_driver_size_x -value 1263
gui_set_state_value -category Layout -key child_driver_size_y -value 197
gui_set_state_value -category Layout -key child_hier_col3 -value {-1}
gui_set_state_value -category Layout -key child_hier_colhier -value 125
gui_set_state_value -category Layout -key child_hier_colpd -value 0
gui_set_state_value -category Layout -key child_hier_coltype -value 65
gui_set_state_value -category Layout -key child_hier_size_x -value 177
gui_set_state_value -category Layout -key child_hier_size_y -value 404
gui_set_state_value -category Layout -key child_hier_sort_order -value 1
gui_set_state_value -category Layout -key child_list_down -value 178
gui_set_state_value -category Layout -key child_list_right -value 443
gui_set_state_value -category Layout -key child_schematic_docknewline -value false
gui_set_state_value -category Layout -key child_schematic_pos_x -value {-2}
gui_set_state_value -category Layout -key child_schematic_pos_y -value {-15}
gui_set_state_value -category Layout -key child_schematic_size_x -value 1233
gui_set_state_value -category Layout -key child_schematic_size_y -value 492
gui_set_state_value -category Layout -key child_source_docknewline -value false
gui_set_state_value -category Layout -key child_source_pos_x -value {-2}
gui_set_state_value -category Layout -key child_source_pos_y -value {-15}
gui_set_state_value -category Layout -key child_source_size_x -value 1068
gui_set_state_value -category Layout -key child_source_size_y -value 399
gui_set_state_value -category Layout -key child_wave_colname -value 220
gui_set_state_value -category Layout -key child_wave_colvalue -value 221
gui_set_state_value -category Layout -key child_wave_left -value 445
gui_set_state_value -category Layout -key child_wave_right -value 1085
gui_set_state_value -category Layout -key main_pos_x -value 1
gui_set_state_value -category Layout -key main_pos_y -value 38
gui_set_state_value -category Layout -key main_size_x -value 1536
gui_set_state_value -category Layout -key main_size_y -value 735
gui_set_state_value -category Layout -key stand_list_child_docknewline -value false
gui_set_state_value -category Layout -key stand_list_child_pos_x -value {-2}
gui_set_state_value -category Layout -key stand_list_child_pos_y -value {-15}
gui_set_state_value -category Layout -key stand_list_child_size_x -value 603
gui_set_state_value -category Layout -key stand_list_child_size_y -value 323
gui_set_state_value -category Layout -key stand_list_top_pos_y -value 102
gui_set_state_value -category Layout -key stand_list_top_size_x -value 1098
gui_set_state_value -category Layout -key stand_list_top_size_y -value 600
gui_set_state_value -category Layout -key stand_wave_child_docknewline -value false
gui_set_state_value -category Layout -key stand_wave_child_pos_x -value {-2}
gui_set_state_value -category Layout -key stand_wave_child_pos_y -value {-15}
gui_set_state_value -category Layout -key stand_wave_child_size_x -value 1540
gui_set_state_value -category Layout -key stand_wave_child_size_y -value 593
gui_set_state_value -category Layout -key stand_wave_top_pos_x -value 60
gui_set_state_value -category Layout -key stand_wave_top_pos_y -value 66
gui_set_state_value -category Layout -key stand_wave_top_size_x -value 1595
gui_set_state_value -category Layout -key stand_wave_top_size_y -value 763
gui_create_state_key -category FindDialog -key m_pMatchCase -value_type bool -value false
gui_create_state_key -category FindDialog -key m_pMatchWord -value_type bool -value false
gui_create_state_key -category FindDialog -key m_pUseCombo -value_type string -value {}
gui_create_state_key -category FindDialog -key m_pWrapAround -value_type bool -value true
gui_create_state_key -category Widget_History -key TopLevel.1|qt_left_dock|DockWnd2|DLPane.1|pages|Data.1|hbox|textfilter -value_type string -value {ARF if if_}
gui_create_state_key -category Widget_History -key TopLevel.2|EkTopVbox|wndWorkspace|qt_workspacechild2|Wave.1|left|filterVBox|controlHBox|unnamed -value_type string -value *sq
gui_create_state_key -category Widget_History -key {dlgSimSetup|m_setupTab|tab pages|SimTab|m_VPDCombo} -value_type string -value inter.vpd
gui_create_state_key -category Widget_History -key {dlgSimSetup|m_setupTab|tab pages|SimTab|m_argsCombo} -value_type string -value {{-V +vc +memcbk}}
gui_create_state_key -category Widget_History -key {dlgSimSetup|m_setupTab|tab pages|SimTab|m_curDirCombo} -value_type string -value /afs/umich.edu/user/z/w/zwtao/Documents/group5w20
gui_create_state_key -category Widget_History -key {dlgSimSetup|m_setupTab|tab pages|SimTab|m_exeCombo} -value_type string -value dve
gui_state_default_create -off

# Begin command logging
gui_sim_run Ucli -exe dve -args {-ucligui  -V +vc +memcbk} -dir .
gui_list_select -id Data.1 -selected  { {common_test.H_in[0:7][31:0]}   }
gui_list_expand -id  Hier.1   common_test
gui_list_select -id Hier.1 -current_item_name common_test.myCnter -current_item_type Scope  -selected  { common_test.myCnter   }
gui_list_select -id Data.1 -selected  { {common_test.myCnter.H_in[0:7][31:0]}   }
gui_list_select -id Data.1 -selected  { {common_test.myCnter.H_in[0:7][31:0]}  {common_test.myCnter.result[0:7][31:0]}   }
gui_list_select -id Hier.1 -current_item_name common_test.myCnter -current_item_type Scope  -selected  {  }
gui_list_select -id Hier.1 -current_item_name common_test.myCnter -current_item_type Scope  -selected  { common_test.myCnter   }
gui_list_select -id Data.1 -selected  { {common_test.myCnter.H_in[0:7][31:0]}  {common_test.myCnter.result[0:7][31:0]}  common_test.myCnter.reset   }
gui_open_window Wave
gui_list_add -id Wave.1 -from Data.1 { {common_test.myCnter.H_in[0:7][31:0]} common_test.myCnter.reset {common_test.myCnter.result[0:7][31:0]} } -insertionbar
gui_wv_zoom_timerange -id  Wave.1 0 355
gui_sim_continue  
gui_wv_scroll_hslidermove -id  Wave.1 2982
gui_zoom -window Wave.1 -factor 0.5
gui_zoom -window Wave.1 -factor 0.5
gui_zoom -window Wave.1 -factor 0.5
gui_zoom -window Wave.1 -factor 0.5
gui_zoom -window Wave.1 -factor 0.5
gui_zoom -window Wave.1 -factor 0.5
gui_wv_scroll_hslidermove -id  Wave.1 397
gui_marker_move -id  Wave.1 C1 15000
gui_wv_scroll_hslidermove -id  Wave.1 420
gui_zoom -window Wave.1 -factor 0.5
gui_close_window -window TopLevel.2
