Chronologic VCS simulator copyright 1991-2017
Contains Synopsys proprietary information.
Compiler version N-2017.12-SP2-1_Full64; Runtime version N-2017.12-SP2-1_Full64;  Mar 16 12:08 2021
VCS Build Date = Jul 14 2018 20:29:59
Start run at Mar 16 12:08 2021
VCD+ Writer N-2017.12-SP2-1_Full64 Copyright (c) 1991-2017 by Synopsys Inc.
The file '/afs/umich.edu/user/z/w/zwtao/Documents/eecs570_final_project/inter.vpd' was opened successfully.
H is 00000000000000000000000000000000428a2f990000000000000000428a2f99
test is 00000007
H is 00000000000000000000000000000000428a2f990000000000000000428a2f99
test is 00000007
H is 00000000000000000000000071374491428a2f9900000000760e3f4e428a2f99
test is 00000006
H is 0000000000000000f84b2b6871374491428a2f99996260ea760e3f4e428a2f99
test is 00000005
H is 000000009d774fcff84b2b6871374491181178e5996260ea760e3f4e428a2f99
test is 00000004
H is e56361ed9d774fcff84b2b687faab614181178e5996260ea760e3f4e428a2f99
test is 00000003
H is e56361ed9d774fcf219cc6947faab614181178e5996260ea760e3f4e78f793d0
test is 00000002
H is e56361ed819ce8ae219cc6947faab614181178e5996260ea9189e53f78f793d0
done is 0
$finish called from file "testbench/cnter_test.sv", line 62.
$finish at simulation time                85000
Simulation complete, time is 85000 ps.
           V C S   S i m u l a t i o n   R e p o r t 
Time: 85000 ps
CPU Time:      0.210 seconds;       Data structure size:   0.0Mb
Tue Mar 16 12:10:01 2021
