# Preference setting overrides
gui_create_pref_key -category {Globals} -key {load_detail_for_funcov} -value_type {bool} -value {false}
gui_set_pref_value -category {Source} -key {value_annotate} -value {true}
gui_create_pref_category -category {schem_obj_name}
gui_create_pref_key -category {schem_obj_name} -key {show_cell_and_pin_with_symbol_name} -value_type {bool} -value {false}
gui_create_pref_key -category {schem_pin_hc} -key {textExtFont} -value_type {string} -value {Helvetica,10,-1,5,50,0,0,0,0,0}

# State setting overrides
gui_state_default_create -off -ini
gui_set_state_value -category Globals -key recent_sessions -value {{gui_load_session -ignore_errors -file /afs/umich.edu/user/z/w/zwtao/Documents/470/Lab1/lab1/view01.tcl -ignore_errors} {gui_load_session -ignore_errors -file /afs/umich.edu/user/z/w/zwtao/Documents/470/Lab1/lab1/view01.tcl}}
gui_set_state_value -category Layout -key child_console_size_x -value 2559
gui_set_state_value -category Layout -key child_console_size_y -value 175
gui_set_state_value -category Layout -key child_data_coltype -value 110
gui_set_state_value -category Layout -key child_data_colvalue -value 119
gui_set_state_value -category Layout -key child_data_colvariable -value 159
gui_set_state_value -category Layout -key child_data_size_x -value 394
gui_set_state_value -category Layout -key child_data_size_y -value 1090
gui_set_state_value -category Layout -key child_hier_col3 -value {-1}
gui_set_state_value -category Layout -key child_hier_colpd -value 0
gui_set_state_value -category Layout -key child_hier_size_x -value 165
gui_set_state_value -category Layout -key child_hier_size_y -value 1090
gui_set_state_value -category Layout -key child_schematic_docknewline -value false
gui_set_state_value -category Layout -key child_schematic_pos_x -value {-2}
gui_set_state_value -category Layout -key child_schematic_pos_y -value {-15}
gui_set_state_value -category Layout -key child_schematic_size_x -value 1997
gui_set_state_value -category Layout -key child_schematic_size_y -value 1082
gui_set_state_value -category Layout -key child_source_docknewline -value false
gui_set_state_value -category Layout -key child_source_pos_x -value {-2}
gui_set_state_value -category Layout -key child_source_pos_y -value {-15}
gui_set_state_value -category Layout -key child_source_size_x -value 2003
gui_set_state_value -category Layout -key child_source_size_y -value 1085
gui_set_state_value -category Layout -key child_wave_colname -value 153
gui_set_state_value -category Layout -key child_wave_colvalue -value 154
gui_set_state_value -category Layout -key child_wave_left -value 311
gui_set_state_value -category Layout -key child_wave_right -value 759
gui_set_state_value -category Layout -key main_pos_x -value 1
gui_set_state_value -category Layout -key main_pos_y -value 38
gui_set_state_value -category Layout -key main_size_x -value 2560
gui_set_state_value -category Layout -key main_size_y -value 1378
gui_set_state_value -category Layout -key stand_wave_child_docknewline -value false
gui_set_state_value -category Layout -key stand_wave_child_pos_x -value {-2}
gui_set_state_value -category Layout -key stand_wave_child_pos_y -value {-15}
gui_set_state_value -category Layout -key stand_wave_child_size_x -value 1080
gui_set_state_value -category Layout -key stand_wave_child_size_y -value 669
gui_set_state_value -category Layout -key stand_wave_top_pos_x -value 1409
gui_set_state_value -category Layout -key stand_wave_top_pos_y -value 494
gui_set_state_value -category Layout -key stand_wave_top_size_x -value 2484
gui_set_state_value -category Layout -key stand_wave_top_size_y -value 1291
gui_create_state_key -category FindDialog -key m_pMatchCase -value_type bool -value false
gui_create_state_key -category FindDialog -key m_pMatchWord -value_type bool -value false
gui_create_state_key -category FindDialog -key m_pUseCombo -value_type string -value {}
gui_create_state_key -category FindDialog -key m_pWrapAround -value_type bool -value true
gui_state_default_create -off

# Begin command logging
gui_sim_run Ucli -exe dve -args {-ucligui  +vc +define+ +memcbk} -dir .
