14:17:17    16 -->                                                             [tcl] ucliGUI::connect -toolargs -ucligui -toolexe dve +vc +define+ +memcbk -pid 29879 -toolin /tmp/vcs_20200116191710_29875_zwtao..stdin -toolout /tmp/vcs_20200116191710_29875_zwtao..stdout  
14:17:17    17 -->                                                                 [tcl] set ucliGUI::state
14:17:17    18 -->                                                                     [tcl] gui_update_simulator_buttons
14:17:19    19 -->                                                                         [tcl] set ucliGUI::state
14:17:19    20 -->                                                                             [tcl] ucliCore::getToolPID
14:17:19    21 -->                                                                                 [tcl] synopsys::env hasTB
14:17:19    22 -->                                                                                     [tcl] trigger_hier_stack_context_switch 0
14:17:19    23 -->                                                                                         [tcl] synUtils::setDVEInitPhase 1
14:17:19    24 -->                                                                                             [tcl] gui_get_env SIMSETUP::SIMVPD
14:17:19    25 --> ...  [tcl] synopsys::dump -type VPD -file /afs/umich.edu/user/z/w/zwtao/Documents/470/Lab1/lab1/inter.vpd -locking
14:17:19    26 --> ...      [tcl] synopsys::dump -autoflush on -fid VPD0
14:17:19    27 --> ...          [tcl] set ::dve_fid VPD0
14:17:19    28 --> ...              [tcl] synUtils::setDVEInitPhase 0
14:17:19    29 --> ...                  [tcl] ucliCore::getToolPID
14:17:19    30 --> ...                      [tcl] synUtils::sendTool -active _icl_setToolSocket /tmp/smlnpGnV79q
14:17:19    31 --> ...                          [tcl] synUtils::sendTool -active {_icl_start_rpc -version "N-2017.12-SP2-1_Full64" -sync_file /tmp/vcs_dve_rpc.zwtao.29879}
14:17:19    32 --> ...                              [tcl] synUtils::sendTool -active {_icl_createSharedMemory /tmp/vcs_dve_general.zwtao.29879}
14:17:19    33 --> ...                                  [tcl] dveMisc::vbusExpand testbench
14:17:19    34 --> ...                                      [tcl] ucliGUI::getSignalValues -scope testbench -radix {binary binary binary binary hexadecimal } -list {clock reset requestA requestB {prediction[1:0]} }
14:17:20    35 --> ...                                          [tcl] config endofsim noexit
14:17:20    36 --> ...                                              [tcl] config onfail enable all
14:17:20    37 --> ...                                                  [tcl] config syscaddplainmembers
14:17:20    38 --> ...                                                      [tcl] config syscaddsourcenames
14:17:20    39 --> ...                                                          [tcl] config syscaddstructtypes
14:17:20    40 --> ...                                                              [tcl] synopsys::listing -disable
14:17:52    41 --> ...                                                                  [tcl] if [catch {gui_sim_terminate}] {gui_sim_terminate -kill}
14:17:52    42 --> ...                                                                      [tcl] synopsys::finish
14:17:52    43 --> ...                                                                          [tcl] set ucliGUI::state
14:17:52    44 --> ...                                                                              [tcl] gui_update_simulator_buttons
14:17:52    45 --> ...                                                                                  [tcl] set ucliGUI::state
14:17:52    46 --> ...                                                                                      [tcl] catch {senv activeDomain} dveMisc::result 
14:17:52    47 --> ...                                                                                          [tcl] set dveMisc::result
14:17:52    48 --> ...                                                                                              [tcl] gui_update_simulator_buttons
14:17:52    49 --> ...                                                                                                  [tcl] catch {senv activeDomain} dveMisc::result 
14:17:52    50 --> ...  [tcl] set dveMisc::result
14:17:52    51 --> ...      [tcl] ucli_exit
